[0.011s] Invoking command in '/home/eecms/tb4_ws/build/tb4_cpp_prac2': CMAKE_PREFIX_PATH=/opt/ros/humble /usr/bin/cmake /home/eecms/tb4_ws/src/tb4_cpp_prac2 -DCMAKE_INSTALL_PREFIX=/home/eecms/tb4_ws/install/tb4_cpp_prac2
[0.322s] -- The C compiler identification is GNU 12.3.0
[0.437s] -- The CXX compiler identification is GNU 12.3.0
[0.535s] -- Detecting C compiler ABI info
[0.634s] -- Detecting C compiler ABI info - done
[0.642s] -- Check for working C compiler: /usr/bin/cc - skipped
[0.646s] -- Detecting C compile features
[0.648s] -- Detecting C compile features - done
[0.659s] -- Detecting CXX compiler ABI info
[0.778s] -- Detecting CXX compiler ABI info - done
[0.787s] -- Check for working CXX compiler: /usr/bin/c++ - skipped
[0.787s] -- Detecting CXX compile features
[0.788s] -- Detecting CXX compile features - done
[0.854s] -- Found ament_cmake: 1.3.12 (/opt/ros/humble/share/ament_cmake/cmake)
[1.060s] -- Found Python3: /usr/bin/python3 (found version "3.10.12") found components: Interpreter 
[1.253s] -- Found rclcpp: 16.0.14 (/opt/ros/humble/share/rclcpp/cmake)
[1.515s] -- Found rosidl_generator_c: 3.1.7 (/opt/ros/humble/share/rosidl_generator_c/cmake)
[1.523s] -- Found rosidl_adapter: 3.1.7 (/opt/ros/humble/share/rosidl_adapter/cmake)
[1.542s] -- Found rosidl_generator_cpp: 3.1.7 (/opt/ros/humble/share/rosidl_generator_cpp/cmake)
[1.621s] -- Using all available rosidl_typesupport_c: rosidl_typesupport_fastrtps_c;rosidl_typesupport_introspection_c
[1.669s] -- Using all available rosidl_typesupport_cpp: rosidl_typesupport_fastrtps_cpp;rosidl_typesupport_introspection_cpp
[1.786s] -- Found rmw_implementation_cmake: 6.1.2 (/opt/ros/humble/share/rmw_implementation_cmake/cmake)
[1.795s] -- Found rmw_fastrtps_cpp: 6.2.8 (/opt/ros/humble/share/rmw_fastrtps_cpp/cmake)
[1.965s] -- Found OpenSSL: /usr/lib/x86_64-linux-gnu/libcrypto.so (found version "3.0.2")  
[1.997s] -- Found FastRTPS: /opt/ros/humble/include  
[2.039s] -- Using RMW implementation 'rmw_fastrtps_cpp' as default
[2.059s] -- Looking for pthread.h
[2.286s] -- Looking for pthread.h - found
[2.286s] -- Performing Test CMAKE_HAVE_LIBC_PTHREAD
[2.421s] -- Performing Test CMAKE_HAVE_LIBC_PTHREAD - Success
[2.422s] -- Found Threads: TRUE  
[2.698s] -- Found irobot_create_msgs: 2.1.0 (/opt/ros/humble/share/irobot_create_msgs/cmake)
[2.957s] -- Found rclcpp_action: 16.0.14 (/opt/ros/humble/share/rclcpp_action/cmake)
[3.014s] -- Found nav_msgs: 4.9.0 (/opt/ros/humble/share/nav_msgs/cmake)
[3.070s] -- Found ament_lint_auto: 0.12.14 (/opt/ros/humble/share/ament_lint_auto/cmake)
[3.222s] -- Added test 'cppcheck' to perform static code analysis on C / C++ code
[3.222s] -- Configured cppcheck include dirs: $<BUILD_INTERFACE:/home/eecms/tb4_ws/src/tb4_cpp_prac2/include>
[3.222s] -- Configured cppcheck exclude dirs and/or files: 
[3.224s] -- Added test 'lint_cmake' to check CMake code style
[3.227s] -- Added test 'uncrustify' to check C / C++ code style
[3.227s] -- Configured uncrustify additional arguments: 
[3.228s] -- Added test 'xmllint' to check XML markup files
[3.235s] -- Configuring done
[3.251s] -- Generating done
[3.255s] -- Build files have been written to: /home/eecms/tb4_ws/build/tb4_cpp_prac2
[3.269s] Invoked command in '/home/eecms/tb4_ws/build/tb4_cpp_prac2' returned '0': CMAKE_PREFIX_PATH=/opt/ros/humble /usr/bin/cmake /home/eecms/tb4_ws/src/tb4_cpp_prac2 -DCMAKE_INSTALL_PREFIX=/home/eecms/tb4_ws/install/tb4_cpp_prac2
[3.271s] Invoking command in '/home/eecms/tb4_ws/build/tb4_cpp_prac2': CMAKE_PREFIX_PATH=/opt/ros/humble /usr/bin/cmake --build /home/eecms/tb4_ws/build/tb4_cpp_prac2 -- -j6 -l6
[3.331s] [ 50%] [32mBuilding CXX object CMakeFiles/tb4_arc_action.dir/src/tb4_arc_action.cpp.o[0m
[15.359s] [100%] [32m[1mLinking CXX executable tb4_arc_action[0m
[16.057s] [100%] Built target tb4_arc_action
[16.072s] Invoked command in '/home/eecms/tb4_ws/build/tb4_cpp_prac2' returned '0': CMAKE_PREFIX_PATH=/opt/ros/humble /usr/bin/cmake --build /home/eecms/tb4_ws/build/tb4_cpp_prac2 -- -j6 -l6
[16.088s] Invoking command in '/home/eecms/tb4_ws/build/tb4_cpp_prac2': CMAKE_PREFIX_PATH=/opt/ros/humble /usr/bin/cmake --install /home/eecms/tb4_ws/build/tb4_cpp_prac2
[16.094s] -- Install configuration: ""
[16.094s] -- Installing: /home/eecms/tb4_ws/install/tb4_cpp_prac2/lib/tb4_cpp_prac2/tb4_arc_action
[16.099s] -- Set runtime path of "/home/eecms/tb4_ws/install/tb4_cpp_prac2/lib/tb4_cpp_prac2/tb4_arc_action" to ""
[16.099s] -- Installing: /home/eecms/tb4_ws/install/tb4_cpp_prac2/share/ament_index/resource_index/package_run_dependencies/tb4_cpp_prac2
[16.099s] -- Installing: /home/eecms/tb4_ws/install/tb4_cpp_prac2/share/ament_index/resource_index/parent_prefix_path/tb4_cpp_prac2
[16.099s] -- Installing: /home/eecms/tb4_ws/install/tb4_cpp_prac2/share/tb4_cpp_prac2/environment/ament_prefix_path.sh
[16.099s] -- Installing: /home/eecms/tb4_ws/install/tb4_cpp_prac2/share/tb4_cpp_prac2/environment/ament_prefix_path.dsv
[16.100s] -- Installing: /home/eecms/tb4_ws/install/tb4_cpp_prac2/share/tb4_cpp_prac2/environment/path.sh
[16.100s] -- Installing: /home/eecms/tb4_ws/install/tb4_cpp_prac2/share/tb4_cpp_prac2/environment/path.dsv
[16.100s] -- Installing: /home/eecms/tb4_ws/install/tb4_cpp_prac2/share/tb4_cpp_prac2/local_setup.bash
[16.100s] -- Installing: /home/eecms/tb4_ws/install/tb4_cpp_prac2/share/tb4_cpp_prac2/local_setup.sh
[16.100s] -- Installing: /home/eecms/tb4_ws/install/tb4_cpp_prac2/share/tb4_cpp_prac2/local_setup.zsh
[16.100s] -- Installing: /home/eecms/tb4_ws/install/tb4_cpp_prac2/share/tb4_cpp_prac2/local_setup.dsv
[16.100s] -- Installing: /home/eecms/tb4_ws/install/tb4_cpp_prac2/share/tb4_cpp_prac2/package.dsv
[16.101s] -- Installing: /home/eecms/tb4_ws/install/tb4_cpp_prac2/share/ament_index/resource_index/packages/tb4_cpp_prac2
[16.101s] -- Installing: /home/eecms/tb4_ws/install/tb4_cpp_prac2/share/tb4_cpp_prac2/cmake/tb4_cpp_prac2Config.cmake
[16.101s] -- Installing: /home/eecms/tb4_ws/install/tb4_cpp_prac2/share/tb4_cpp_prac2/cmake/tb4_cpp_prac2Config-version.cmake
[16.101s] -- Installing: /home/eecms/tb4_ws/install/tb4_cpp_prac2/share/tb4_cpp_prac2/package.xml
[16.105s] Invoked command in '/home/eecms/tb4_ws/build/tb4_cpp_prac2' returned '0': CMAKE_PREFIX_PATH=/opt/ros/humble /usr/bin/cmake --install /home/eecms/tb4_ws/build/tb4_cpp_prac2
