[0.060s] Invoking command in '/home/robotai/tb4_ws/build/tb4_cpp_prac1': CMAKE_PREFIX_PATH=${CMAKE_PREFIX_PATH}:/opt/ros/humble /usr/bin/cmake --build /home/robotai/tb4_ws/build/tb4_cpp_prac1 -- -j6 -l6
[0.176s] [ 50%] [32mBuilding CXX object CMakeFiles/tb4_cpp_node.dir/src/tb4_cpp_node.cpp.o[0m
[10.680s] [100%] [32m[1mLinking CXX executable tb4_cpp_node[0m
[11.945s] [100%] Built target tb4_cpp_node
[11.956s] Invoked command in '/home/robotai/tb4_ws/build/tb4_cpp_prac1' returned '0': CMAKE_PREFIX_PATH=${CMAKE_PREFIX_PATH}:/opt/ros/humble /usr/bin/cmake --build /home/robotai/tb4_ws/build/tb4_cpp_prac1 -- -j6 -l6
[11.965s] Invoking command in '/home/robotai/tb4_ws/build/tb4_cpp_prac1': CMAKE_PREFIX_PATH=${CMAKE_PREFIX_PATH}:/opt/ros/humble /usr/bin/cmake --install /home/robotai/tb4_ws/build/tb4_cpp_prac1
[11.972s] -- Install configuration: ""
[11.972s] -- Installing: /home/robotai/tb4_ws/install/tb4_cpp_prac1/lib/tb4_cpp_prac1/tb4_cpp_node
[11.976s] -- Set runtime path of "/home/robotai/tb4_ws/install/tb4_cpp_prac1/lib/tb4_cpp_prac1/tb4_cpp_node" to ""
[11.976s] -- Up-to-date: /home/robotai/tb4_ws/install/tb4_cpp_prac1/share/ament_index/resource_index/package_run_dependencies/tb4_cpp_prac1
[11.976s] -- Up-to-date: /home/robotai/tb4_ws/install/tb4_cpp_prac1/share/ament_index/resource_index/parent_prefix_path/tb4_cpp_prac1
[11.976s] -- Up-to-date: /home/robotai/tb4_ws/install/tb4_cpp_prac1/share/tb4_cpp_prac1/environment/ament_prefix_path.sh
[11.976s] -- Up-to-date: /home/robotai/tb4_ws/install/tb4_cpp_prac1/share/tb4_cpp_prac1/environment/ament_prefix_path.dsv
[11.976s] -- Up-to-date: /home/robotai/tb4_ws/install/tb4_cpp_prac1/share/tb4_cpp_prac1/environment/path.sh
[11.976s] -- Up-to-date: /home/robotai/tb4_ws/install/tb4_cpp_prac1/share/tb4_cpp_prac1/environment/path.dsv
[11.976s] -- Up-to-date: /home/robotai/tb4_ws/install/tb4_cpp_prac1/share/tb4_cpp_prac1/local_setup.bash
[11.976s] -- Up-to-date: /home/robotai/tb4_ws/install/tb4_cpp_prac1/share/tb4_cpp_prac1/local_setup.sh
[11.976s] -- Up-to-date: /home/robotai/tb4_ws/install/tb4_cpp_prac1/share/tb4_cpp_prac1/local_setup.zsh
[11.976s] -- Up-to-date: /home/robotai/tb4_ws/install/tb4_cpp_prac1/share/tb4_cpp_prac1/local_setup.dsv
[11.977s] -- Installing: /home/robotai/tb4_ws/install/tb4_cpp_prac1/share/tb4_cpp_prac1/package.dsv
[11.977s] -- Up-to-date: /home/robotai/tb4_ws/install/tb4_cpp_prac1/share/ament_index/resource_index/packages/tb4_cpp_prac1
[11.977s] -- Up-to-date: /home/robotai/tb4_ws/install/tb4_cpp_prac1/share/tb4_cpp_prac1/cmake/tb4_cpp_prac1Config.cmake
[11.977s] -- Up-to-date: /home/robotai/tb4_ws/install/tb4_cpp_prac1/share/tb4_cpp_prac1/cmake/tb4_cpp_prac1Config-version.cmake
[11.977s] -- Up-to-date: /home/robotai/tb4_ws/install/tb4_cpp_prac1/share/tb4_cpp_prac1/package.xml
[11.978s] Invoked command in '/home/robotai/tb4_ws/build/tb4_cpp_prac1' returned '0': CMAKE_PREFIX_PATH=${CMAKE_PREFIX_PATH}:/opt/ros/humble /usr/bin/cmake --install /home/robotai/tb4_ws/build/tb4_cpp_prac1
