[0.024s] Invoking command in '/home/robotai/tb4_cpp_prac1/build/tb4_cpp_prac1': CMAKE_PREFIX_PATH=/opt/ros/humble /usr/bin/cmake /home/robotai/tb4_cpp_prac1 -DCMAKE_INSTALL_PREFIX=/home/robotai/tb4_cpp_prac1/install/tb4_cpp_prac1
[0.969s] -- The C compiler identification is GNU 12.3.0
[1.514s] -- The CXX compiler identification is GNU 12.3.0
[1.532s] -- Detecting C compiler ABI info
[1.625s] -- Detecting C compiler ABI info - done
[1.634s] -- Check for working C compiler: /usr/bin/cc - skipped
[1.634s] -- Detecting C compile features
[1.646s] -- Detecting C compile features - done
[1.651s] -- Detecting CXX compiler ABI info
[1.727s] -- Detecting CXX compiler ABI info - done
[1.733s] -- Check for working CXX compiler: /usr/bin/c++ - skipped
[1.734s] -- Detecting CXX compile features
[1.734s] -- Detecting CXX compile features - done
[1.797s] -- Found ament_cmake: 1.3.12 (/opt/ros/humble/share/ament_cmake/cmake)
[1.943s] -- Found Python3: /usr/bin/python3 (found version "3.10.12") found components: Interpreter 
[2.117s] -- Found rclcpp: 16.0.14 (/opt/ros/humble/share/rclcpp/cmake)
[2.303s] -- Found rosidl_generator_c: 3.1.7 (/opt/ros/humble/share/rosidl_generator_c/cmake)
[2.312s] -- Found rosidl_adapter: 3.1.7 (/opt/ros/humble/share/rosidl_adapter/cmake)
[2.358s] -- Found rosidl_generator_cpp: 3.1.7 (/opt/ros/humble/share/rosidl_generator_cpp/cmake)
[2.395s] -- Using all available rosidl_typesupport_c: rosidl_typesupport_fastrtps_c;rosidl_typesupport_introspection_c
[2.422s] -- Using all available rosidl_typesupport_cpp: rosidl_typesupport_fastrtps_cpp;rosidl_typesupport_introspection_cpp
[2.500s] -- Found rmw_implementation_cmake: 6.1.2 (/opt/ros/humble/share/rmw_implementation_cmake/cmake)
[2.505s] -- Found rmw_fastrtps_cpp: 6.2.8 (/opt/ros/humble/share/rmw_fastrtps_cpp/cmake)
[2.631s] -- Found OpenSSL: /usr/lib/x86_64-linux-gnu/libcrypto.so (found version "3.0.2")  
[2.662s] -- Found FastRTPS: /opt/ros/humble/include  
[2.699s] -- Using RMW implementation 'rmw_fastrtps_cpp' as default
[2.724s] -- Looking for pthread.h
[2.824s] -- Looking for pthread.h - found
[2.824s] -- Performing Test CMAKE_HAVE_LIBC_PTHREAD
[2.891s] -- Performing Test CMAKE_HAVE_LIBC_PTHREAD - Success
[2.892s] -- Found Threads: TRUE  
[2.987s] -- Found irobot_create_msgs: 2.1.0 (/opt/ros/humble/share/irobot_create_msgs/cmake)
[3.092s] -- Found std_srvs: 4.9.0 (/opt/ros/humble/share/std_srvs/cmake)
[3.115s] -- Found rclcpp_action: 16.0.14 (/opt/ros/humble/share/rclcpp_action/cmake)
[3.132s] -- Found nav_msgs: 4.9.0 (/opt/ros/humble/share/nav_msgs/cmake)
[3.161s] -- Found ament_lint_auto: 0.12.14 (/opt/ros/humble/share/ament_lint_auto/cmake)
[3.283s] -- Added test 'copyright' to check source files copyright and LICENSE
[3.287s] -- Added test 'cppcheck' to perform static code analysis on C / C++ code
[3.287s] -- Configured cppcheck include dirs: $<BUILD_INTERFACE:/home/robotai/tb4_cpp_prac1/include>
[3.287s] -- Configured cppcheck exclude dirs and/or files: 
[3.291s] -- Added test 'cpplint' to check C / C++ code against the Google style
[3.291s] -- Configured cpplint exclude dirs and/or files: 
[3.294s] -- Added test 'lint_cmake' to check CMake code style
[3.299s] -- Added test 'uncrustify' to check C / C++ code style
[3.299s] -- Configured uncrustify additional arguments: 
[3.300s] -- Added test 'xmllint' to check XML markup files
[3.302s] -- Configuring done
[3.319s] -- Generating done
[3.325s] -- Build files have been written to: /home/robotai/tb4_cpp_prac1/build/tb4_cpp_prac1
[3.337s] Invoked command in '/home/robotai/tb4_cpp_prac1/build/tb4_cpp_prac1' returned '0': CMAKE_PREFIX_PATH=/opt/ros/humble /usr/bin/cmake /home/robotai/tb4_cpp_prac1 -DCMAKE_INSTALL_PREFIX=/home/robotai/tb4_cpp_prac1/install/tb4_cpp_prac1
[3.338s] Invoking command in '/home/robotai/tb4_cpp_prac1/build/tb4_cpp_prac1': CMAKE_PREFIX_PATH=/opt/ros/humble /usr/bin/cmake --build /home/robotai/tb4_cpp_prac1/build/tb4_cpp_prac1 -- -j6 -l6
[3.380s] [ 16%] [32mBuilding CXX object CMakeFiles/tb4_cpp_node.dir/src/tb4_cpp_node.cpp.o[0m
[3.381s] [ 33%] [32mBuilding CXX object CMakeFiles/tb4_cpp_srv_server.dir/src/tb4_cpp_srv_server.cpp.o[0m
[3.382s] [ 50%] [32mBuilding CXX object CMakeFiles/tb4_cpp_action_server.dir/src/tb4_cpp_action_server.cpp.o[0m
[9.310s] [ 66%] [32m[1mLinking CXX executable tb4_cpp_srv_server[0m
[11.021s] [ 66%] Built target tb4_cpp_srv_server
[13.186s] [ 83%] [32m[1mLinking CXX executable tb4_cpp_node[0m
[13.555s] [ 83%] Built target tb4_cpp_node
[14.176s] [100%] [32m[1mLinking CXX executable tb4_cpp_action_server[0m
[14.652s] [100%] Built target tb4_cpp_action_server
[14.664s] Invoked command in '/home/robotai/tb4_cpp_prac1/build/tb4_cpp_prac1' returned '0': CMAKE_PREFIX_PATH=/opt/ros/humble /usr/bin/cmake --build /home/robotai/tb4_cpp_prac1/build/tb4_cpp_prac1 -- -j6 -l6
[14.673s] Invoking command in '/home/robotai/tb4_cpp_prac1/build/tb4_cpp_prac1': CMAKE_PREFIX_PATH=/opt/ros/humble /usr/bin/cmake --install /home/robotai/tb4_cpp_prac1/build/tb4_cpp_prac1
[14.681s] -- Install configuration: ""
[14.681s] -- Installing: /home/robotai/tb4_cpp_prac1/install/tb4_cpp_prac1/lib/tb4_cpp_prac1/tb4_cpp_node
[14.683s] -- Set runtime path of "/home/robotai/tb4_cpp_prac1/install/tb4_cpp_prac1/lib/tb4_cpp_prac1/tb4_cpp_node" to ""
[14.683s] -- Installing: /home/robotai/tb4_cpp_prac1/install/tb4_cpp_prac1/lib/tb4_cpp_prac1/tb4_cpp_srv_server
[14.684s] -- Set runtime path of "/home/robotai/tb4_cpp_prac1/install/tb4_cpp_prac1/lib/tb4_cpp_prac1/tb4_cpp_srv_server" to ""
[14.684s] -- Installing: /home/robotai/tb4_cpp_prac1/install/tb4_cpp_prac1/lib/tb4_cpp_prac1/tb4_cpp_action_server
[14.688s] -- Set runtime path of "/home/robotai/tb4_cpp_prac1/install/tb4_cpp_prac1/lib/tb4_cpp_prac1/tb4_cpp_action_server" to ""
[14.688s] -- Installing: /home/robotai/tb4_cpp_prac1/install/tb4_cpp_prac1/share/ament_index/resource_index/package_run_dependencies/tb4_cpp_prac1
[14.688s] -- Installing: /home/robotai/tb4_cpp_prac1/install/tb4_cpp_prac1/share/ament_index/resource_index/parent_prefix_path/tb4_cpp_prac1
[14.688s] -- Installing: /home/robotai/tb4_cpp_prac1/install/tb4_cpp_prac1/share/tb4_cpp_prac1/environment/ament_prefix_path.sh
[14.688s] -- Installing: /home/robotai/tb4_cpp_prac1/install/tb4_cpp_prac1/share/tb4_cpp_prac1/environment/ament_prefix_path.dsv
[14.688s] -- Installing: /home/robotai/tb4_cpp_prac1/install/tb4_cpp_prac1/share/tb4_cpp_prac1/environment/path.sh
[14.688s] -- Installing: /home/robotai/tb4_cpp_prac1/install/tb4_cpp_prac1/share/tb4_cpp_prac1/environment/path.dsv
[14.688s] -- Installing: /home/robotai/tb4_cpp_prac1/install/tb4_cpp_prac1/share/tb4_cpp_prac1/local_setup.bash
[14.688s] -- Installing: /home/robotai/tb4_cpp_prac1/install/tb4_cpp_prac1/share/tb4_cpp_prac1/local_setup.sh
[14.688s] -- Installing: /home/robotai/tb4_cpp_prac1/install/tb4_cpp_prac1/share/tb4_cpp_prac1/local_setup.zsh
[14.688s] -- Installing: /home/robotai/tb4_cpp_prac1/install/tb4_cpp_prac1/share/tb4_cpp_prac1/local_setup.dsv
[14.689s] -- Installing: /home/robotai/tb4_cpp_prac1/install/tb4_cpp_prac1/share/tb4_cpp_prac1/package.dsv
[14.689s] -- Installing: /home/robotai/tb4_cpp_prac1/install/tb4_cpp_prac1/share/ament_index/resource_index/packages/tb4_cpp_prac1
[14.689s] -- Installing: /home/robotai/tb4_cpp_prac1/install/tb4_cpp_prac1/share/tb4_cpp_prac1/cmake/tb4_cpp_prac1Config.cmake
[14.689s] -- Installing: /home/robotai/tb4_cpp_prac1/install/tb4_cpp_prac1/share/tb4_cpp_prac1/cmake/tb4_cpp_prac1Config-version.cmake
[14.689s] -- Installing: /home/robotai/tb4_cpp_prac1/install/tb4_cpp_prac1/share/tb4_cpp_prac1/package.xml
[14.691s] Invoked command in '/home/robotai/tb4_cpp_prac1/build/tb4_cpp_prac1' returned '0': CMAKE_PREFIX_PATH=/opt/ros/humble /usr/bin/cmake --install /home/robotai/tb4_cpp_prac1/build/tb4_cpp_prac1
