[0.011s] Invoking command in '/home/robotai/tb4_ws/build/tb4_cpp_prac1': CMAKE_PREFIX_PATH=${CMAKE_PREFIX_PATH}:/opt/ros/humble /usr/bin/cmake --build /home/robotai/tb4_ws/build/tb4_cpp_prac1 -- -j6 -l6
[0.054s] [35m[1mConsolidate compiler generated dependencies of target tb4_cpp_node[0m
[0.070s] [ 50%] [32mBuilding CXX object CMakeFiles/tb4_cpp_node.dir/src/tb4_cpp_node.cpp.o[0m
[2.177s] [01m[K/home/robotai/tb4_ws/src/tb4_cpp_prac1/src/tb4_cpp_node.cpp:[m[K In constructor ‘[01m[KTurtleBot4Prac1::TurtleBot4Prac1()[m[K’:
[2.177s] [01m[K/home/robotai/tb4_ws/src/tb4_cpp_prac1/src/tb4_cpp_node.cpp:25:41:[m[K [01;31m[Kerror: [m[Kclass ‘[01m[KTurtleBot4Prac1[m[K’ does not have any field named ‘[01m[Klights_on_[m[K’
[2.177s]    25 |   TurtleBot4Prac1(): Node("tb4_prac1"), [01;31m[Klights_on_[m[K(false)//public constructor names the node as "tb4_prac1"
[2.177s]       |                                         [01;31m[K^~~~~~~~~~[m[K
[2.188s] [01m[K/home/robotai/tb4_ws/src/tb4_cpp_prac1/src/tb4_cpp_node.cpp:28:5:[m[K [01;31m[Kerror: [m[K‘[01m[Kinterface_buttons_subscriber_[m[K’ was not declared in this scope; did you mean ‘[01m[Kinterface_buttons_callback[m[K’?
[2.189s]    28 |     [01;31m[Kinterface_buttons_subscriber_[m[K =
[2.189s]       |     [01;31m[K^~~~~~~~~~~~~~~~~~~~~~~~~~~~~[m[K
[2.189s]       |     [32m[Kinterface_buttons_callback[m[K
[2.247s] [01m[K/home/robotai/tb4_ws/src/tb4_cpp_prac1/src/tb4_cpp_node.cpp:35:5:[m[K [01;31m[Kerror: [m[K‘[01m[Klightring_publisher_[m[K’ was not declared in this scope
[2.247s]    35 |     [01;31m[Klightring_publisher_[m[K = this->create_publisher<irobot_create_msgs::msg::LightringLeds>(
[2.247s]       |     [01;31m[K^~~~~~~~~~~~~~~~~~~~[m[K
[2.260s] [01m[K/home/robotai/tb4_ws/src/tb4_cpp_prac1/src/tb4_cpp_node.cpp:[m[K In member function ‘[01m[Kvoid TurtleBot4Prac1::interface_buttons_callback(irobot_create_msgs::msg::InterfaceButtons_<std::allocator<void> >::SharedPtr)[m[K’:
[2.260s] [01m[K/home/robotai/tb4_ws/src/tb4_cpp_prac1/src/tb4_cpp_node.cpp:51:7:[m[K [01;31m[Kerror: [m[K‘[01m[Kbutton_1_function[m[K’ was not declared in this scope
[2.260s]    51 |       [01;31m[Kbutton_1_function[m[K();
[2.261s]       |       [01;31m[K^~~~~~~~~~~~~~~~~[m[K
[2.261s] [01m[K/home/robotai/tb4_ws/src/tb4_cpp_prac1/src/tb4_cpp_node.cpp:[m[K In function ‘[01m[Kvoid button_1_function()[m[K’:
[2.261s] [01m[K/home/robotai/tb4_ws/src/tb4_cpp_prac1/src/tb4_cpp_node.cpp:62:34:[m[K [01;31m[Kerror: [m[Kinvalid use of ‘[01m[Kthis[m[K’ in non-member function
[2.261s]    62 |     lightring_msg.header.stamp = [01;31m[Kthis[m[K->get_clock()->now();
[2.261s]       |                                  [01;31m[K^~~~[m[K
[2.266s] [01m[K/home/robotai/tb4_ws/src/tb4_cpp_prac1/src/tb4_cpp_node.cpp:106:3:[m[K [01;31m[Kerror: [m[K‘[01m[Klightring_publisher_[m[K’ was not declared in this scope
[2.267s]   106 |   [01;31m[Klightring_publisher_[m[K->publish(lightring_msg);
[2.267s]       |   [01;31m[K^~~~~~~~~~~~~~~~~~~~[m[K
[4.610s] gmake[2]: *** [CMakeFiles/tb4_cpp_node.dir/build.make:76: CMakeFiles/tb4_cpp_node.dir/src/tb4_cpp_node.cpp.o] Error 1
[4.610s] gmake[1]: *** [CMakeFiles/Makefile2:137: CMakeFiles/tb4_cpp_node.dir/all] Error 2
[4.610s] gmake: *** [Makefile:146: all] Error 2
[4.613s] Invoked command in '/home/robotai/tb4_ws/build/tb4_cpp_prac1' returned '2': CMAKE_PREFIX_PATH=${CMAKE_PREFIX_PATH}:/opt/ros/humble /usr/bin/cmake --build /home/robotai/tb4_ws/build/tb4_cpp_prac1 -- -j6 -l6
