[3.567s] DEBUG:colcon:Command line arguments: ['/usr/bin/colcon', 'build']
[3.567s] DEBUG:colcon:Parsed command line arguments: Namespace(log_base=None, log_level=None, verb_name='build', build_base='build', install_base='install', merge_install=False, symlink_install=False, test_result_base=None, continue_on_error=False, executor='parallel', parallel_workers=6, event_handlers=None, ignore_user_meta=False, metas=['./colcon.meta'], base_paths=['.'], packages_ignore=None, packages_ignore_regex=None, paths=None, packages_up_to=None, packages_up_to_regex=None, packages_above=None, packages_above_and_dependencies=None, packages_above_depth=None, packages_select_by_dep=None, packages_skip_by_dep=None, packages_skip_up_to=None, packages_select_build_failed=False, packages_skip_build_finished=False, packages_select_test_failures=False, packages_skip_test_passed=False, packages_select=None, packages_skip=None, packages_select_regex=None, packages_skip_regex=None, packages_start=None, packages_end=None, allow_overriding=[], cmake_args=None, cmake_target=None, cmake_target_skip_unavailable=False, cmake_clean_cache=False, cmake_clean_first=False, cmake_force_configure=False, ament_cmake_args=None, catkin_cmake_args=None, catkin_skip_building_tests=False, mixin_files=None, mixin=None, verb_parser=<colcon_mixin.mixin.mixin_argument.MixinArgumentDecorator object at 0x7fe029b61ba0>, verb_extension=<colcon_core.verb.build.BuildVerb object at 0x7fe029b61570>, main=<bound method BuildVerb.main of <colcon_core.verb.build.BuildVerb object at 0x7fe029b61570>>, mixin_verb=('build',))
[5.317s] Level 1:colcon.colcon_core.package_discovery:discover_packages(colcon_meta) check parameters
[5.317s] Level 1:colcon.colcon_core.package_discovery:discover_packages(recursive) check parameters
[5.317s] Level 1:colcon.colcon_core.package_discovery:discover_packages(ignore) check parameters
[5.317s] Level 1:colcon.colcon_core.package_discovery:discover_packages(path) check parameters
[5.317s] Level 1:colcon.colcon_core.package_discovery:discover_packages(colcon_meta) discover
[5.317s] Level 1:colcon.colcon_core.package_discovery:discover_packages(recursive) discover
[5.317s] INFO:colcon.colcon_core.package_discovery:Crawling recursively for packages in '/home/robotai/tb4_cpp_prac1'
[5.317s] Level 1:colcon.colcon_core.package_identification:_identify(.) by extensions ['ignore', 'ignore_ament_install']
[5.317s] Level 1:colcon.colcon_core.package_identification:_identify(.) by extension 'ignore'
[5.317s] Level 1:colcon.colcon_core.package_identification:_identify(.) by extension 'ignore_ament_install'
[5.318s] Level 1:colcon.colcon_core.package_identification:_identify(.) by extensions ['colcon_pkg']
[5.318s] Level 1:colcon.colcon_core.package_identification:_identify(.) by extension 'colcon_pkg'
[5.318s] Level 1:colcon.colcon_core.package_identification:_identify(.) by extensions ['colcon_meta']
[5.318s] Level 1:colcon.colcon_core.package_identification:_identify(.) by extension 'colcon_meta'
[5.318s] Level 1:colcon.colcon_core.package_identification:_identify(.) by extensions ['ros']
[5.318s] Level 1:colcon.colcon_core.package_identification:_identify(.) by extension 'ros'
[5.384s] DEBUG:colcon.colcon_core.package_identification:Package '.' with type 'ros.ament_cmake' and name 'tb4_cpp_prac1'
[5.384s] Level 1:colcon.colcon_core.package_discovery:discover_packages(recursive) using defaults
[5.384s] Level 1:colcon.colcon_core.package_discovery:discover_packages(ignore) discover
[5.384s] Level 1:colcon.colcon_core.package_discovery:discover_packages(ignore) using defaults
[5.384s] Level 1:colcon.colcon_core.package_discovery:discover_packages(path) discover
[5.384s] Level 1:colcon.colcon_core.package_discovery:discover_packages(path) using defaults
[5.518s] Level 1:colcon.colcon_core.package_discovery:discover_packages(prefix_path) check parameters
[5.518s] Level 1:colcon.colcon_core.package_discovery:discover_packages(prefix_path) discover
[5.527s] DEBUG:colcon.colcon_installed_package_information.package_discovery:Found 387 installed packages in /opt/ros/humble
[5.528s] Level 1:colcon.colcon_core.package_discovery:discover_packages(prefix_path) using defaults
[5.571s] Level 5:colcon.colcon_core.verb:set package 'tb4_cpp_prac1' build argument 'cmake_args' from command line to 'None'
[5.571s] Level 5:colcon.colcon_core.verb:set package 'tb4_cpp_prac1' build argument 'cmake_target' from command line to 'None'
[5.571s] Level 5:colcon.colcon_core.verb:set package 'tb4_cpp_prac1' build argument 'cmake_target_skip_unavailable' from command line to 'False'
[5.571s] Level 5:colcon.colcon_core.verb:set package 'tb4_cpp_prac1' build argument 'cmake_clean_cache' from command line to 'False'
[5.571s] Level 5:colcon.colcon_core.verb:set package 'tb4_cpp_prac1' build argument 'cmake_clean_first' from command line to 'False'
[5.571s] Level 5:colcon.colcon_core.verb:set package 'tb4_cpp_prac1' build argument 'cmake_force_configure' from command line to 'False'
[5.571s] Level 5:colcon.colcon_core.verb:set package 'tb4_cpp_prac1' build argument 'ament_cmake_args' from command line to 'None'
[5.571s] Level 5:colcon.colcon_core.verb:set package 'tb4_cpp_prac1' build argument 'catkin_cmake_args' from command line to 'None'
[5.571s] Level 5:colcon.colcon_core.verb:set package 'tb4_cpp_prac1' build argument 'catkin_skip_building_tests' from command line to 'False'
[5.572s] DEBUG:colcon.colcon_core.verb:Building package 'tb4_cpp_prac1' with the following arguments: {'ament_cmake_args': None, 'build_base': '/home/robotai/tb4_cpp_prac1/build/tb4_cpp_prac1', 'catkin_cmake_args': None, 'catkin_skip_building_tests': False, 'cmake_args': None, 'cmake_clean_cache': False, 'cmake_clean_first': False, 'cmake_force_configure': False, 'cmake_target': None, 'cmake_target_skip_unavailable': False, 'install_base': '/home/robotai/tb4_cpp_prac1/install/tb4_cpp_prac1', 'merge_install': False, 'path': '/home/robotai/tb4_cpp_prac1', 'symlink_install': False, 'test_result_base': None}
[5.572s] INFO:colcon.colcon_core.executor:Executing jobs using 'parallel' executor
[5.573s] DEBUG:colcon.colcon_parallel_executor.executor.parallel:run_until_complete
[5.573s] INFO:colcon.colcon_ros.task.ament_cmake.build:Building ROS package in '/home/robotai/tb4_cpp_prac1' with build type 'ament_cmake'
[5.573s] INFO:colcon.colcon_cmake.task.cmake.build:Building CMake package in '/home/robotai/tb4_cpp_prac1'
[5.590s] INFO:colcon.colcon_core.plugin_system:Skipping extension 'colcon_core.shell.bat': Not used on non-Windows systems
[5.591s] INFO:colcon.colcon_core.shell:Skip shell extension 'powershell' for command environment: Not usable outside of PowerShell
[5.591s] DEBUG:colcon.colcon_core.shell:Skip shell extension 'dsv' for command environment
[5.597s] DEBUG:colcon.colcon_core.event_handler.log_command:Invoking command in '/home/robotai/tb4_cpp_prac1/build/tb4_cpp_prac1': CMAKE_PREFIX_PATH=/opt/ros/humble /usr/bin/cmake /home/robotai/tb4_cpp_prac1 -DCMAKE_INSTALL_PREFIX=/home/robotai/tb4_cpp_prac1/install/tb4_cpp_prac1
[8.910s] DEBUG:colcon.colcon_core.event_handler.log_command:Invoked command in '/home/robotai/tb4_cpp_prac1/build/tb4_cpp_prac1' returned '0': CMAKE_PREFIX_PATH=/opt/ros/humble /usr/bin/cmake /home/robotai/tb4_cpp_prac1 -DCMAKE_INSTALL_PREFIX=/home/robotai/tb4_cpp_prac1/install/tb4_cpp_prac1
[8.912s] DEBUG:colcon.colcon_core.event_handler.log_command:Invoking command in '/home/robotai/tb4_cpp_prac1/build/tb4_cpp_prac1': CMAKE_PREFIX_PATH=/opt/ros/humble /usr/bin/cmake --build /home/robotai/tb4_cpp_prac1/build/tb4_cpp_prac1 -- -j6 -l6
[20.238s] DEBUG:colcon.colcon_core.event_handler.log_command:Invoked command in '/home/robotai/tb4_cpp_prac1/build/tb4_cpp_prac1' returned '0': CMAKE_PREFIX_PATH=/opt/ros/humble /usr/bin/cmake --build /home/robotai/tb4_cpp_prac1/build/tb4_cpp_prac1 -- -j6 -l6
[20.247s] DEBUG:colcon.colcon_core.event_handler.log_command:Invoking command in '/home/robotai/tb4_cpp_prac1/build/tb4_cpp_prac1': CMAKE_PREFIX_PATH=/opt/ros/humble /usr/bin/cmake --install /home/robotai/tb4_cpp_prac1/build/tb4_cpp_prac1
[20.264s] Level 1:colcon.colcon_core.environment:create_environment_scripts_only(tb4_cpp_prac1)
[20.264s] DEBUG:colcon.colcon_core.event_handler.log_command:Invoked command in '/home/robotai/tb4_cpp_prac1/build/tb4_cpp_prac1' returned '0': CMAKE_PREFIX_PATH=/opt/ros/humble /usr/bin/cmake --install /home/robotai/tb4_cpp_prac1/build/tb4_cpp_prac1
[20.304s] Level 1:colcon.colcon_core.environment:checking '/home/robotai/tb4_cpp_prac1/install/tb4_cpp_prac1' for CMake module files
[20.305s] Level 1:colcon.colcon_core.environment:checking '/home/robotai/tb4_cpp_prac1/install/tb4_cpp_prac1' for CMake config files
[20.305s] Level 1:colcon.colcon_core.shell:create_environment_hook('tb4_cpp_prac1', 'cmake_prefix_path')
[20.305s] INFO:colcon.colcon_core.shell:Creating environment hook '/home/robotai/tb4_cpp_prac1/install/tb4_cpp_prac1/share/tb4_cpp_prac1/hook/cmake_prefix_path.ps1'
[20.311s] INFO:colcon.colcon_core.shell:Creating environment descriptor '/home/robotai/tb4_cpp_prac1/install/tb4_cpp_prac1/share/tb4_cpp_prac1/hook/cmake_prefix_path.dsv'
[20.312s] INFO:colcon.colcon_core.shell:Creating environment hook '/home/robotai/tb4_cpp_prac1/install/tb4_cpp_prac1/share/tb4_cpp_prac1/hook/cmake_prefix_path.sh'
[20.313s] Level 1:colcon.colcon_core.environment:checking '/home/robotai/tb4_cpp_prac1/install/tb4_cpp_prac1/lib'
[20.314s] Level 1:colcon.colcon_core.environment:checking '/home/robotai/tb4_cpp_prac1/install/tb4_cpp_prac1/bin'
[20.314s] Level 1:colcon.colcon_core.environment:checking '/home/robotai/tb4_cpp_prac1/install/tb4_cpp_prac1/lib/pkgconfig/tb4_cpp_prac1.pc'
[20.314s] Level 1:colcon.colcon_core.environment:checking '/home/robotai/tb4_cpp_prac1/install/tb4_cpp_prac1/lib/python3.10/site-packages'
[20.314s] Level 1:colcon.colcon_core.environment:checking '/home/robotai/tb4_cpp_prac1/install/tb4_cpp_prac1/bin'
[20.314s] INFO:colcon.colcon_core.shell:Creating package script '/home/robotai/tb4_cpp_prac1/install/tb4_cpp_prac1/share/tb4_cpp_prac1/package.ps1'
[20.317s] INFO:colcon.colcon_core.shell:Creating package descriptor '/home/robotai/tb4_cpp_prac1/install/tb4_cpp_prac1/share/tb4_cpp_prac1/package.dsv'
[20.318s] INFO:colcon.colcon_core.shell:Creating package script '/home/robotai/tb4_cpp_prac1/install/tb4_cpp_prac1/share/tb4_cpp_prac1/package.sh'
[20.319s] INFO:colcon.colcon_core.shell:Creating package script '/home/robotai/tb4_cpp_prac1/install/tb4_cpp_prac1/share/tb4_cpp_prac1/package.bash'
[20.339s] INFO:colcon.colcon_core.shell:Creating package script '/home/robotai/tb4_cpp_prac1/install/tb4_cpp_prac1/share/tb4_cpp_prac1/package.zsh'
[20.347s] Level 1:colcon.colcon_core.environment:create_file_with_runtime_dependencies(/home/robotai/tb4_cpp_prac1/install/tb4_cpp_prac1/share/colcon-core/packages/tb4_cpp_prac1)
[20.348s] Level 1:colcon.colcon_core.environment:create_environment_scripts_only(tb4_cpp_prac1)
[20.349s] Level 1:colcon.colcon_core.environment:checking '/home/robotai/tb4_cpp_prac1/install/tb4_cpp_prac1' for CMake module files
[20.349s] Level 1:colcon.colcon_core.environment:checking '/home/robotai/tb4_cpp_prac1/install/tb4_cpp_prac1' for CMake config files
[20.349s] Level 1:colcon.colcon_core.shell:create_environment_hook('tb4_cpp_prac1', 'cmake_prefix_path')
[20.350s] INFO:colcon.colcon_core.shell:Creating environment hook '/home/robotai/tb4_cpp_prac1/install/tb4_cpp_prac1/share/tb4_cpp_prac1/hook/cmake_prefix_path.ps1'
[20.350s] INFO:colcon.colcon_core.shell:Creating environment descriptor '/home/robotai/tb4_cpp_prac1/install/tb4_cpp_prac1/share/tb4_cpp_prac1/hook/cmake_prefix_path.dsv'
[20.351s] INFO:colcon.colcon_core.shell:Creating environment hook '/home/robotai/tb4_cpp_prac1/install/tb4_cpp_prac1/share/tb4_cpp_prac1/hook/cmake_prefix_path.sh'
[20.351s] Level 1:colcon.colcon_core.environment:checking '/home/robotai/tb4_cpp_prac1/install/tb4_cpp_prac1/lib'
[20.351s] Level 1:colcon.colcon_core.environment:checking '/home/robotai/tb4_cpp_prac1/install/tb4_cpp_prac1/bin'
[20.351s] Level 1:colcon.colcon_core.environment:checking '/home/robotai/tb4_cpp_prac1/install/tb4_cpp_prac1/lib/pkgconfig/tb4_cpp_prac1.pc'
[20.351s] Level 1:colcon.colcon_core.environment:checking '/home/robotai/tb4_cpp_prac1/install/tb4_cpp_prac1/lib/python3.10/site-packages'
[20.352s] Level 1:colcon.colcon_core.environment:checking '/home/robotai/tb4_cpp_prac1/install/tb4_cpp_prac1/bin'
[20.352s] INFO:colcon.colcon_core.shell:Creating package script '/home/robotai/tb4_cpp_prac1/install/tb4_cpp_prac1/share/tb4_cpp_prac1/package.ps1'
[20.353s] INFO:colcon.colcon_core.shell:Creating package descriptor '/home/robotai/tb4_cpp_prac1/install/tb4_cpp_prac1/share/tb4_cpp_prac1/package.dsv'
[20.353s] INFO:colcon.colcon_core.shell:Creating package script '/home/robotai/tb4_cpp_prac1/install/tb4_cpp_prac1/share/tb4_cpp_prac1/package.sh'
[20.353s] INFO:colcon.colcon_core.shell:Creating package script '/home/robotai/tb4_cpp_prac1/install/tb4_cpp_prac1/share/tb4_cpp_prac1/package.bash'
[20.354s] INFO:colcon.colcon_core.shell:Creating package script '/home/robotai/tb4_cpp_prac1/install/tb4_cpp_prac1/share/tb4_cpp_prac1/package.zsh'
[20.354s] Level 1:colcon.colcon_core.environment:create_file_with_runtime_dependencies(/home/robotai/tb4_cpp_prac1/install/tb4_cpp_prac1/share/colcon-core/packages/tb4_cpp_prac1)
[20.355s] DEBUG:colcon.colcon_parallel_executor.executor.parallel:closing loop
[20.355s] DEBUG:colcon.colcon_parallel_executor.executor.parallel:loop closed
[20.355s] DEBUG:colcon.colcon_parallel_executor.executor.parallel:run_until_complete finished with '0'
[20.355s] DEBUG:colcon.colcon_core.event_reactor:joining thread
[20.364s] INFO:colcon.colcon_core.plugin_system:Skipping extension 'colcon_notification.desktop_notification.terminal_notifier': Not used on non-Darwin systems
[20.364s] INFO:colcon.colcon_core.plugin_system:Skipping extension 'colcon_notification.desktop_notification.win32': Not used on non-Windows systems
[20.364s] INFO:colcon.colcon_notification.desktop_notification:Sending desktop notification using 'notify2'
[20.383s] DEBUG:colcon.colcon_core.event_reactor:joined thread
[20.383s] INFO:colcon.colcon_core.shell:Creating prefix script '/home/robotai/tb4_cpp_prac1/install/local_setup.ps1'
[20.409s] INFO:colcon.colcon_core.shell:Creating prefix util module '/home/robotai/tb4_cpp_prac1/install/_local_setup_util_ps1.py'
[20.413s] INFO:colcon.colcon_core.shell:Creating prefix chain script '/home/robotai/tb4_cpp_prac1/install/setup.ps1'
[20.417s] INFO:colcon.colcon_core.shell:Creating prefix script '/home/robotai/tb4_cpp_prac1/install/local_setup.sh'
[20.418s] INFO:colcon.colcon_core.shell:Creating prefix util module '/home/robotai/tb4_cpp_prac1/install/_local_setup_util_sh.py'
[20.420s] INFO:colcon.colcon_core.shell:Creating prefix chain script '/home/robotai/tb4_cpp_prac1/install/setup.sh'
[20.421s] INFO:colcon.colcon_core.shell:Creating prefix script '/home/robotai/tb4_cpp_prac1/install/local_setup.bash'
[20.423s] INFO:colcon.colcon_core.shell:Creating prefix chain script '/home/robotai/tb4_cpp_prac1/install/setup.bash'
[20.424s] INFO:colcon.colcon_core.shell:Creating prefix script '/home/robotai/tb4_cpp_prac1/install/local_setup.zsh'
[20.425s] INFO:colcon.colcon_core.shell:Creating prefix chain script '/home/robotai/tb4_cpp_prac1/install/setup.zsh'
