[0.133s] DEBUG:colcon:Command line arguments: ['/usr/bin/colcon', 'build', '--packages-select', 'tb4_cpp_prac2']
[0.133s] DEBUG:colcon:Parsed command line arguments: Namespace(log_base=None, log_level=None, verb_name='build', build_base='build', install_base='install', merge_install=False, symlink_install=False, test_result_base=None, continue_on_error=False, executor='parallel', parallel_workers=6, event_handlers=None, ignore_user_meta=False, metas=['./colcon.meta'], base_paths=['.'], packages_ignore=None, packages_ignore_regex=None, paths=None, packages_up_to=None, packages_up_to_regex=None, packages_above=None, packages_above_and_dependencies=None, packages_above_depth=None, packages_select_by_dep=None, packages_skip_by_dep=None, packages_skip_up_to=None, packages_select_build_failed=False, packages_skip_build_finished=False, packages_select_test_failures=False, packages_skip_test_passed=False, packages_select=['tb4_cpp_prac2'], packages_skip=None, packages_select_regex=None, packages_skip_regex=None, packages_start=None, packages_end=None, allow_overriding=[], cmake_args=None, cmake_target=None, cmake_target_skip_unavailable=False, cmake_clean_cache=False, cmake_clean_first=False, cmake_force_configure=False, ament_cmake_args=None, catkin_cmake_args=None, catkin_skip_building_tests=False, mixin_files=None, mixin=None, verb_parser=<colcon_mixin.mixin.mixin_argument.MixinArgumentDecorator object at 0x750cec569db0>, verb_extension=<colcon_core.verb.build.BuildVerb object at 0x750cec569780>, main=<bound method BuildVerb.main of <colcon_core.verb.build.BuildVerb object at 0x750cec569780>>, mixin_verb=('build',))
[0.287s] Level 1:colcon.colcon_core.package_discovery:discover_packages(colcon_meta) check parameters
[0.287s] Level 1:colcon.colcon_core.package_discovery:discover_packages(recursive) check parameters
[0.287s] Level 1:colcon.colcon_core.package_discovery:discover_packages(ignore) check parameters
[0.287s] Level 1:colcon.colcon_core.package_discovery:discover_packages(path) check parameters
[0.287s] Level 1:colcon.colcon_core.package_discovery:discover_packages(colcon_meta) discover
[0.287s] Level 1:colcon.colcon_core.package_discovery:discover_packages(recursive) discover
[0.287s] INFO:colcon.colcon_core.package_discovery:Crawling recursively for packages in '/home/robotai/tb4_ws'
[0.287s] Level 1:colcon.colcon_core.package_identification:_identify(.) by extensions ['ignore', 'ignore_ament_install']
[0.287s] Level 1:colcon.colcon_core.package_identification:_identify(.) by extension 'ignore'
[0.287s] Level 1:colcon.colcon_core.package_identification:_identify(.) by extension 'ignore_ament_install'
[0.287s] Level 1:colcon.colcon_core.package_identification:_identify(.) by extensions ['colcon_pkg']
[0.287s] Level 1:colcon.colcon_core.package_identification:_identify(.) by extension 'colcon_pkg'
[0.288s] Level 1:colcon.colcon_core.package_identification:_identify(.) by extensions ['colcon_meta']
[0.288s] Level 1:colcon.colcon_core.package_identification:_identify(.) by extension 'colcon_meta'
[0.288s] Level 1:colcon.colcon_core.package_identification:_identify(.) by extensions ['ros']
[0.288s] Level 1:colcon.colcon_core.package_identification:_identify(.) by extension 'ros'
[0.298s] Level 1:colcon.colcon_core.package_identification:_identify(.) by extensions ['cmake', 'python']
[0.298s] Level 1:colcon.colcon_core.package_identification:_identify(.) by extension 'cmake'
[0.298s] Level 1:colcon.colcon_core.package_identification:_identify(.) by extension 'python'
[0.298s] Level 1:colcon.colcon_core.package_identification:_identify(.) by extensions ['python_setup_py']
[0.298s] Level 1:colcon.colcon_core.package_identification:_identify(.) by extension 'python_setup_py'
[0.298s] Level 1:colcon.colcon_core.package_identification:_identify(build) by extensions ['ignore', 'ignore_ament_install']
[0.299s] Level 1:colcon.colcon_core.package_identification:_identify(build) by extension 'ignore'
[0.299s] Level 1:colcon.colcon_core.package_identification:_identify(build) ignored
[0.299s] Level 1:colcon.colcon_core.package_identification:_identify(install) by extensions ['ignore', 'ignore_ament_install']
[0.299s] Level 1:colcon.colcon_core.package_identification:_identify(install) by extension 'ignore'
[0.299s] Level 1:colcon.colcon_core.package_identification:_identify(install) ignored
[0.299s] Level 1:colcon.colcon_core.package_identification:_identify(log) by extensions ['ignore', 'ignore_ament_install']
[0.299s] Level 1:colcon.colcon_core.package_identification:_identify(log) by extension 'ignore'
[0.299s] Level 1:colcon.colcon_core.package_identification:_identify(log) ignored
[0.299s] Level 1:colcon.colcon_core.package_identification:_identify(src) by extensions ['ignore', 'ignore_ament_install']
[0.299s] Level 1:colcon.colcon_core.package_identification:_identify(src) by extension 'ignore'
[0.299s] Level 1:colcon.colcon_core.package_identification:_identify(src) by extension 'ignore_ament_install'
[0.299s] Level 1:colcon.colcon_core.package_identification:_identify(src) by extensions ['colcon_pkg']
[0.299s] Level 1:colcon.colcon_core.package_identification:_identify(src) by extension 'colcon_pkg'
[0.299s] Level 1:colcon.colcon_core.package_identification:_identify(src) by extensions ['colcon_meta']
[0.299s] Level 1:colcon.colcon_core.package_identification:_identify(src) by extension 'colcon_meta'
[0.299s] Level 1:colcon.colcon_core.package_identification:_identify(src) by extensions ['ros']
[0.299s] Level 1:colcon.colcon_core.package_identification:_identify(src) by extension 'ros'
[0.299s] Level 1:colcon.colcon_core.package_identification:_identify(src) by extensions ['cmake', 'python']
[0.300s] Level 1:colcon.colcon_core.package_identification:_identify(src) by extension 'cmake'
[0.300s] Level 1:colcon.colcon_core.package_identification:_identify(src) by extension 'python'
[0.300s] Level 1:colcon.colcon_core.package_identification:_identify(src) by extensions ['python_setup_py']
[0.300s] Level 1:colcon.colcon_core.package_identification:_identify(src) by extension 'python_setup_py'
[0.300s] Level 1:colcon.colcon_core.package_identification:_identify(src/tb4_cpp_prac1) by extensions ['ignore', 'ignore_ament_install']
[0.300s] Level 1:colcon.colcon_core.package_identification:_identify(src/tb4_cpp_prac1) by extension 'ignore'
[0.300s] Level 1:colcon.colcon_core.package_identification:_identify(src/tb4_cpp_prac1) by extension 'ignore_ament_install'
[0.300s] Level 1:colcon.colcon_core.package_identification:_identify(src/tb4_cpp_prac1) by extensions ['colcon_pkg']
[0.300s] Level 1:colcon.colcon_core.package_identification:_identify(src/tb4_cpp_prac1) by extension 'colcon_pkg'
[0.300s] Level 1:colcon.colcon_core.package_identification:_identify(src/tb4_cpp_prac1) by extensions ['colcon_meta']
[0.300s] Level 1:colcon.colcon_core.package_identification:_identify(src/tb4_cpp_prac1) by extension 'colcon_meta'
[0.300s] Level 1:colcon.colcon_core.package_identification:_identify(src/tb4_cpp_prac1) by extensions ['ros']
[0.300s] Level 1:colcon.colcon_core.package_identification:_identify(src/tb4_cpp_prac1) by extension 'ros'
[0.303s] DEBUG:colcon.colcon_core.package_identification:Package 'src/tb4_cpp_prac1' with type 'ros.ament_cmake' and name 'tb4_cpp_prac1'
[0.303s] Level 1:colcon.colcon_core.package_identification:_identify(src/tb4_cpp_prac2) by extensions ['ignore', 'ignore_ament_install']
[0.303s] Level 1:colcon.colcon_core.package_identification:_identify(src/tb4_cpp_prac2) by extension 'ignore'
[0.303s] Level 1:colcon.colcon_core.package_identification:_identify(src/tb4_cpp_prac2) by extension 'ignore_ament_install'
[0.303s] Level 1:colcon.colcon_core.package_identification:_identify(src/tb4_cpp_prac2) by extensions ['colcon_pkg']
[0.303s] Level 1:colcon.colcon_core.package_identification:_identify(src/tb4_cpp_prac2) by extension 'colcon_pkg'
[0.303s] Level 1:colcon.colcon_core.package_identification:_identify(src/tb4_cpp_prac2) by extensions ['colcon_meta']
[0.303s] Level 1:colcon.colcon_core.package_identification:_identify(src/tb4_cpp_prac2) by extension 'colcon_meta'
[0.303s] Level 1:colcon.colcon_core.package_identification:_identify(src/tb4_cpp_prac2) by extensions ['ros']
[0.303s] Level 1:colcon.colcon_core.package_identification:_identify(src/tb4_cpp_prac2) by extension 'ros'
[0.304s] DEBUG:colcon.colcon_core.package_identification:Package 'src/tb4_cpp_prac2' with type 'ros.ament_cmake' and name 'tb4_cpp_prac2'
[0.304s] Level 1:colcon.colcon_core.package_discovery:discover_packages(recursive) using defaults
[0.304s] Level 1:colcon.colcon_core.package_discovery:discover_packages(ignore) discover
[0.304s] Level 1:colcon.colcon_core.package_discovery:discover_packages(ignore) using defaults
[0.304s] Level 1:colcon.colcon_core.package_discovery:discover_packages(path) discover
[0.304s] Level 1:colcon.colcon_core.package_discovery:discover_packages(path) using defaults
[0.336s] INFO:colcon.colcon_core.package_selection:Skipping not selected package 'tb4_cpp_prac1' in 'src/tb4_cpp_prac1'
[0.337s] Level 1:colcon.colcon_core.package_discovery:discover_packages(prefix_path) check parameters
[0.337s] Level 1:colcon.colcon_core.package_discovery:discover_packages(prefix_path) discover
[0.338s] DEBUG:colcon.colcon_installed_package_information.package_discovery:Found 2 installed packages in /home/robotai/tb4_ws/install
[0.340s] DEBUG:colcon.colcon_installed_package_information.package_discovery:Found 387 installed packages in /opt/ros/humble
[0.342s] Level 1:colcon.colcon_core.package_discovery:discover_packages(prefix_path) using defaults
[0.382s] Level 5:colcon.colcon_core.verb:set package 'tb4_cpp_prac2' build argument 'cmake_args' from command line to 'None'
[0.382s] Level 5:colcon.colcon_core.verb:set package 'tb4_cpp_prac2' build argument 'cmake_target' from command line to 'None'
[0.382s] Level 5:colcon.colcon_core.verb:set package 'tb4_cpp_prac2' build argument 'cmake_target_skip_unavailable' from command line to 'False'
[0.382s] Level 5:colcon.colcon_core.verb:set package 'tb4_cpp_prac2' build argument 'cmake_clean_cache' from command line to 'False'
[0.382s] Level 5:colcon.colcon_core.verb:set package 'tb4_cpp_prac2' build argument 'cmake_clean_first' from command line to 'False'
[0.382s] Level 5:colcon.colcon_core.verb:set package 'tb4_cpp_prac2' build argument 'cmake_force_configure' from command line to 'False'
[0.382s] Level 5:colcon.colcon_core.verb:set package 'tb4_cpp_prac2' build argument 'ament_cmake_args' from command line to 'None'
[0.382s] Level 5:colcon.colcon_core.verb:set package 'tb4_cpp_prac2' build argument 'catkin_cmake_args' from command line to 'None'
[0.382s] Level 5:colcon.colcon_core.verb:set package 'tb4_cpp_prac2' build argument 'catkin_skip_building_tests' from command line to 'False'
[0.382s] DEBUG:colcon.colcon_core.verb:Building package 'tb4_cpp_prac2' with the following arguments: {'ament_cmake_args': None, 'build_base': '/home/robotai/tb4_ws/build/tb4_cpp_prac2', 'catkin_cmake_args': None, 'catkin_skip_building_tests': False, 'cmake_args': None, 'cmake_clean_cache': False, 'cmake_clean_first': False, 'cmake_force_configure': False, 'cmake_target': None, 'cmake_target_skip_unavailable': False, 'install_base': '/home/robotai/tb4_ws/install/tb4_cpp_prac2', 'merge_install': False, 'path': '/home/robotai/tb4_ws/src/tb4_cpp_prac2', 'symlink_install': False, 'test_result_base': None}
[0.383s] INFO:colcon.colcon_core.executor:Executing jobs using 'parallel' executor
[0.384s] DEBUG:colcon.colcon_parallel_executor.executor.parallel:run_until_complete
[0.384s] INFO:colcon.colcon_ros.task.ament_cmake.build:Building ROS package in '/home/robotai/tb4_ws/src/tb4_cpp_prac2' with build type 'ament_cmake'
[0.384s] INFO:colcon.colcon_cmake.task.cmake.build:Building CMake package in '/home/robotai/tb4_ws/src/tb4_cpp_prac2'
[0.386s] INFO:colcon.colcon_core.plugin_system:Skipping extension 'colcon_core.shell.bat': Not used on non-Windows systems
[0.386s] INFO:colcon.colcon_core.shell:Skip shell extension 'powershell' for command environment: Not usable outside of PowerShell
[0.386s] DEBUG:colcon.colcon_core.shell:Skip shell extension 'dsv' for command environment
[0.414s] DEBUG:colcon.colcon_core.event_handler.log_command:Invoking command in '/home/robotai/tb4_ws/build/tb4_cpp_prac2': CMAKE_PREFIX_PATH=${CMAKE_PREFIX_PATH}:/opt/ros/humble /usr/bin/cmake --build /home/robotai/tb4_ws/build/tb4_cpp_prac2 -- -j6 -l6
[6.337s] DEBUG:colcon.colcon_core.event_handler.log_command:Invoked command in '/home/robotai/tb4_ws/build/tb4_cpp_prac2' returned '2': CMAKE_PREFIX_PATH=${CMAKE_PREFIX_PATH}:/opt/ros/humble /usr/bin/cmake --build /home/robotai/tb4_ws/build/tb4_cpp_prac2 -- -j6 -l6
[6.338s] Level 1:colcon.colcon_core.environment:create_environment_scripts_only(tb4_cpp_prac2)
[6.341s] Level 1:colcon.colcon_core.environment:checking '/home/robotai/tb4_ws/install/tb4_cpp_prac2' for CMake module files
[6.341s] Level 1:colcon.colcon_core.environment:checking '/home/robotai/tb4_ws/install/tb4_cpp_prac2' for CMake config files
[6.342s] Level 1:colcon.colcon_core.shell:create_environment_hook('tb4_cpp_prac2', 'cmake_prefix_path')
[6.342s] INFO:colcon.colcon_core.shell:Creating environment hook '/home/robotai/tb4_ws/install/tb4_cpp_prac2/share/tb4_cpp_prac2/hook/cmake_prefix_path.ps1'
[6.343s] INFO:colcon.colcon_core.shell:Creating environment descriptor '/home/robotai/tb4_ws/install/tb4_cpp_prac2/share/tb4_cpp_prac2/hook/cmake_prefix_path.dsv'
[6.343s] INFO:colcon.colcon_core.shell:Creating environment hook '/home/robotai/tb4_ws/install/tb4_cpp_prac2/share/tb4_cpp_prac2/hook/cmake_prefix_path.sh'
[6.344s] Level 1:colcon.colcon_core.environment:checking '/home/robotai/tb4_ws/install/tb4_cpp_prac2/lib'
[6.345s] Level 1:colcon.colcon_core.environment:checking '/home/robotai/tb4_ws/install/tb4_cpp_prac2/bin'
[6.345s] Level 1:colcon.colcon_core.environment:checking '/home/robotai/tb4_ws/install/tb4_cpp_prac2/lib/pkgconfig/tb4_cpp_prac2.pc'
[6.345s] Level 1:colcon.colcon_core.environment:checking '/home/robotai/tb4_ws/install/tb4_cpp_prac2/lib/python3.10/site-packages'
[6.345s] Level 1:colcon.colcon_core.environment:checking '/home/robotai/tb4_ws/install/tb4_cpp_prac2/bin'
[6.346s] INFO:colcon.colcon_core.shell:Creating package script '/home/robotai/tb4_ws/install/tb4_cpp_prac2/share/tb4_cpp_prac2/package.ps1'
[6.347s] INFO:colcon.colcon_core.shell:Creating package descriptor '/home/robotai/tb4_ws/install/tb4_cpp_prac2/share/tb4_cpp_prac2/package.dsv'
[6.348s] INFO:colcon.colcon_core.shell:Creating package script '/home/robotai/tb4_ws/install/tb4_cpp_prac2/share/tb4_cpp_prac2/package.sh'
[6.349s] INFO:colcon.colcon_core.shell:Creating package script '/home/robotai/tb4_ws/install/tb4_cpp_prac2/share/tb4_cpp_prac2/package.bash'
[6.350s] INFO:colcon.colcon_core.shell:Creating package script '/home/robotai/tb4_ws/install/tb4_cpp_prac2/share/tb4_cpp_prac2/package.zsh'
[6.351s] Level 1:colcon.colcon_core.environment:create_file_with_runtime_dependencies(/home/robotai/tb4_ws/install/tb4_cpp_prac2/share/colcon-core/packages/tb4_cpp_prac2)
[6.352s] DEBUG:colcon.colcon_parallel_executor.executor.parallel:closing loop
[6.352s] DEBUG:colcon.colcon_parallel_executor.executor.parallel:loop closed
[6.352s] DEBUG:colcon.colcon_parallel_executor.executor.parallel:run_until_complete finished with '2'
[6.353s] DEBUG:colcon.colcon_core.event_reactor:joining thread
[6.359s] INFO:colcon.colcon_core.plugin_system:Skipping extension 'colcon_notification.desktop_notification.terminal_notifier': Not used on non-Darwin systems
[6.359s] INFO:colcon.colcon_core.plugin_system:Skipping extension 'colcon_notification.desktop_notification.win32': Not used on non-Windows systems
[6.359s] INFO:colcon.colcon_notification.desktop_notification:Sending desktop notification using 'notify2'
[6.436s] DEBUG:colcon.colcon_core.event_reactor:joined thread
[6.436s] INFO:colcon.colcon_core.shell:Creating prefix script '/home/robotai/tb4_ws/install/local_setup.ps1'
[6.437s] INFO:colcon.colcon_core.shell:Creating prefix util module '/home/robotai/tb4_ws/install/_local_setup_util_ps1.py'
[6.438s] INFO:colcon.colcon_core.shell:Creating prefix chain script '/home/robotai/tb4_ws/install/setup.ps1'
[6.439s] INFO:colcon.colcon_core.shell:Creating prefix script '/home/robotai/tb4_ws/install/local_setup.sh'
[6.440s] INFO:colcon.colcon_core.shell:Creating prefix util module '/home/robotai/tb4_ws/install/_local_setup_util_sh.py'
[6.440s] INFO:colcon.colcon_core.shell:Creating prefix chain script '/home/robotai/tb4_ws/install/setup.sh'
[6.443s] INFO:colcon.colcon_core.shell:Creating prefix script '/home/robotai/tb4_ws/install/local_setup.bash'
[6.443s] INFO:colcon.colcon_core.shell:Creating prefix chain script '/home/robotai/tb4_ws/install/setup.bash'
[6.444s] INFO:colcon.colcon_core.shell:Creating prefix script '/home/robotai/tb4_ws/install/local_setup.zsh'
[6.444s] INFO:colcon.colcon_core.shell:Creating prefix chain script '/home/robotai/tb4_ws/install/setup.zsh'
